<?xml version="1.0" encoding="utf-8"?><testsuites name="pytest tests"><testsuite name="pytest" errors="0" failures="0" skipped="0" tests="19" time="4.692" timestamp="2026-01-10T14:37:37.524359+00:00" hostname="agent-env-26dd6766-0d9b-4f33-8d6d-9fca1f85721c"><testcase classname="tests.test_public_apis.TestPublicAPIs" name="test_settings_endpoint_returns_200" time="0.070" /><testcase classname="tests.test_public_apis.TestPublicAPIs" name="test_settings_endpoint_returns_required_fields" time="0.039" /><testcase classname="tests.test_public_apis.TestPublicAPIs" name="test_guest_photos_endpoint_returns_200" time="0.658" /><testcase classname="tests.test_public_apis.TestPublicAPIs" name="test_guest_photos_endpoint_returns_list" time="0.611" /><testcase classname="tests.test_public_apis.TestPublicAPIs" name="test_guest_photos_structure_if_photos_exist" time="0.634" /><testcase classname="tests.test_public_apis.TestPublicAPIs" name="test_wall_photos_endpoint_returns_200" time="0.599" /><testcase classname="tests.test_public_apis.TestPublicAPIs" name="test_wall_photos_endpoint_returns_list" time="0.711" /><testcase classname="tests.test_public_apis.TestPublicAPIs" name="test_wall_photos_structure_if_photos_exist" time="0.686" /><testcase classname="tests.test_public_apis.TestPublicAPIs" name="test_background_images_endpoint_returns_200" time="0.041" /><testcase classname="tests.test_public_apis.TestPublicAPIs" name="test_background_images_endpoint_returns_list" time="0.078" /><testcase classname="tests.test_public_apis.TestPublicAPIs" name="test_api_root_endpoint" time="0.034" /><testcase classname="tests.test_public_apis.TestProtectedAPIs" name="test_auth_me_without_token_returns_401" time="0.039" /><testcase classname="tests.test_public_apis.TestProtectedAPIs" name="test_photos_list_without_token_returns_401" time="0.039" /><testcase classname="tests.test_public_apis.TestProtectedAPIs" name="test_photos_upload_without_token_returns_401" time="0.043" /><testcase classname="tests.test_public_apis.TestProtectedAPIs" name="test_wall_photos_upload_without_token_returns_401" time="0.036" /><testcase classname="tests.test_public_apis.TestProtectedAPIs" name="test_background_images_upload_without_token_returns_401" time="0.038" /><testcase classname="tests.test_public_apis.TestProtectedAPIs" name="test_settings_update_without_token_returns_401" time="0.045" /><testcase classname="tests.test_public_apis.TestPhotoEndpoints" name="test_get_nonexistent_photo_returns_404" time="0.048" /><testcase classname="tests.test_public_apis.TestPhotoEndpoints" name="test_delete_photo_without_token_returns_401" time="0.039" /></testsuite></testsuites>